<?xml version="1.0" encoding="UTF-8"?>
<testsuite xmlns:xsi="http://www.w3.org/2001/XMLSchema-instance" xsi:noNamespaceSchemaLocation="https://maven.apache.org/surefire/maven-surefire-plugin/xsd/surefire-test-report.xsd" name="fastwave.cloud.stomp.WebSocketApplicationTests" time="3.099" tests="1" errors="0" skipped="0" failures="0">
  <properties>
    <property name="sun.desktop" value="windows"/>
    <property name="awt.toolkit" value="sun.awt.windows.WToolkit"/>
    <property name="java.specification.version" value="11"/>
    <property name="sun.cpu.isalist" value="amd64"/>
    <property name="sun.jnu.encoding" value="GBK"/>
    <property name="java.class.path" value="D:\文件\38运\yunStompVue20_8_10\target\test-classes;D:\文件\38运\yunStompVue20_8_10\target\classes;D:\Environment\apache-maven-3.6.3\maven_repo\io\projectreactor\reactor-core\3.2.9.RELEASE\reactor-core-3.2.9.RELEASE.jar;D:\Environment\apache-maven-3.6.3\maven_repo\org\reactivestreams\reactive-streams\1.0.3\reactive-streams-1.0.3.jar;D:\Environment\apache-maven-3.6.3\maven_repo\io\netty\netty-all\4.1.42.Final\netty-all-4.1.42.Final.jar;D:\Environment\apache-maven-3.6.3\maven_repo\io\projectreactor\netty\reactor-netty\0.8.11.RELEASE\reactor-netty-0.8.11.RELEASE.jar;D:\Environment\apache-maven-3.6.3\maven_repo\io\netty\netty-codec-http\4.1.43.Final\netty-codec-http-4.1.43.Final.jar;D:\Environment\apache-maven-3.6.3\maven_repo\io\netty\netty-common\4.1.43.Final\netty-common-4.1.43.Final.jar;D:\Environment\apache-maven-3.6.3\maven_repo\io\netty\netty-buffer\4.1.43.Final\netty-buffer-4.1.43.Final.jar;D:\Environment\apache-maven-3.6.3\maven_repo\io\netty\netty-transport\4.1.43.Final\netty-transport-4.1.43.Final.jar;D:\Environment\apache-maven-3.6.3\maven_repo\io\netty\netty-resolver\4.1.43.Final\netty-resolver-4.1.43.Final.jar;D:\Environment\apache-maven-3.6.3\maven_repo\io\netty\netty-codec\4.1.43.Final\netty-codec-4.1.43.Final.jar;D:\Environment\apache-maven-3.6.3\maven_repo\io\netty\netty-codec-http2\4.1.43.Final\netty-codec-http2-4.1.43.Final.jar;D:\Environment\apache-maven-3.6.3\maven_repo\io\netty\netty-handler\4.1.43.Final\netty-handler-4.1.43.Final.jar;D:\Environment\apache-maven-3.6.3\maven_repo\io\netty\netty-handler-proxy\4.1.43.Final\netty-handler-proxy-4.1.43.Final.jar;D:\Environment\apache-maven-3.6.3\maven_repo\io\netty\netty-codec-socks\4.1.43.Final\netty-codec-socks-4.1.43.Final.jar;D:\Environment\apache-maven-3.6.3\maven_repo\io\netty\netty-transport-native-epoll\4.1.43.Final\netty-transport-native-epoll-4.1.43.Final-linux-x86_64.jar;D:\Environment\apache-maven-3.6.3\maven_repo\io\netty\netty-transport-native-unix-common\4.1.43.Final\netty-transport-native-unix-common-4.1.43.Final.jar;D:\Environment\apache-maven-3.6.3\maven_repo\org\springframework\boot\spring-boot-starter-web\2.2.2.RELEASE\spring-boot-starter-web-2.2.2.RELEASE.jar;D:\Environment\apache-maven-3.6.3\maven_repo\org\springframework\boot\spring-boot-starter\2.2.2.RELEASE\spring-boot-starter-2.2.2.RELEASE.jar;D:\Environment\apache-maven-3.6.3\maven_repo\org\springframework\boot\spring-boot\2.2.2.RELEASE\spring-boot-2.2.2.RELEASE.jar;D:\Environment\apache-maven-3.6.3\maven_repo\org\springframework\boot\spring-boot-autoconfigure\2.2.2.RELEASE\spring-boot-autoconfigure-2.2.2.RELEASE.jar;D:\Environment\apache-maven-3.6.3\maven_repo\org\springframework\boot\spring-boot-starter-logging\2.2.2.RELEASE\spring-boot-starter-logging-2.2.2.RELEASE.jar;D:\Environment\apache-maven-3.6.3\maven_repo\ch\qos\logback\logback-classic\1.2.3\logback-classic-1.2.3.jar;D:\Environment\apache-maven-3.6.3\maven_repo\ch\qos\logback\logback-core\1.2.3\logback-core-1.2.3.jar;D:\Environment\apache-maven-3.6.3\maven_repo\org\apache\logging\log4j\log4j-to-slf4j\2.12.1\log4j-to-slf4j-2.12.1.jar;D:\Environment\apache-maven-3.6.3\maven_repo\org\apache\logging\log4j\log4j-api\2.12.1\log4j-api-2.12.1.jar;D:\Environment\apache-maven-3.6.3\maven_repo\org\slf4j\jul-to-slf4j\1.7.29\jul-to-slf4j-1.7.29.jar;D:\Environment\apache-maven-3.6.3\maven_repo\jakarta\annotation\jakarta.annotation-api\1.3.5\jakarta.annotation-api-1.3.5.jar;D:\Environment\apache-maven-3.6.3\maven_repo\org\yaml\snakeyaml\1.25\snakeyaml-1.25.jar;D:\Environment\apache-maven-3.6.3\maven_repo\org\springframework\boot\spring-boot-starter-json\2.2.2.RELEASE\spring-boot-starter-json-2.2.2.RELEASE.jar;D:\Environment\apache-maven-3.6.3\maven_repo\com\fasterxml\jackson\core\jackson-databind\2.10.1\jackson-databind-2.10.1.jar;D:\Environment\apache-maven-3.6.3\maven_repo\com\fasterxml\jackson\core\jackson-annotations\2.10.1\jackson-annotations-2.10.1.jar;D:\Environment\apache-maven-3.6.3\maven_repo\com\fasterxml\jackson\core\jackson-core\2.10.1\jackson-core-2.10.1.jar;D:\Environment\apache-maven-3.6.3\maven_repo\com\fasterxml\jackson\datatype\jackson-datatype-jdk8\2.10.1\jackson-datatype-jdk8-2.10.1.jar;D:\Environment\apache-maven-3.6.3\maven_repo\com\fasterxml\jackson\datatype\jackson-datatype-jsr310\2.10.1\jackson-datatype-jsr310-2.10.1.jar;D:\Environment\apache-maven-3.6.3\maven_repo\com\fasterxml\jackson\module\jackson-module-parameter-names\2.10.1\jackson-module-parameter-names-2.10.1.jar;D:\Environment\apache-maven-3.6.3\maven_repo\org\springframework\boot\spring-boot-starter-tomcat\2.2.2.RELEASE\spring-boot-starter-tomcat-2.2.2.RELEASE.jar;D:\Environment\apache-maven-3.6.3\maven_repo\org\apache\tomcat\embed\tomcat-embed-core\9.0.29\tomcat-embed-core-9.0.29.jar;D:\Environment\apache-maven-3.6.3\maven_repo\org\apache\tomcat\embed\tomcat-embed-el\9.0.29\tomcat-embed-el-9.0.29.jar;D:\Environment\apache-maven-3.6.3\maven_repo\org\apache\tomcat\embed\tomcat-embed-websocket\9.0.29\tomcat-embed-websocket-9.0.29.jar;D:\Environment\apache-maven-3.6.3\maven_repo\org\springframework\boot\spring-boot-starter-validation\2.2.2.RELEASE\spring-boot-starter-validation-2.2.2.RELEASE.jar;D:\Environment\apache-maven-3.6.3\maven_repo\jakarta\validation\jakarta.validation-api\2.0.1\jakarta.validation-api-2.0.1.jar;D:\Environment\apache-maven-3.6.3\maven_repo\org\hibernate\validator\hibernate-validator\6.0.18.Final\hibernate-validator-6.0.18.Final.jar;D:\Environment\apache-maven-3.6.3\maven_repo\org\jboss\logging\jboss-logging\3.4.1.Final\jboss-logging-3.4.1.Final.jar;D:\Environment\apache-maven-3.6.3\maven_repo\com\fasterxml\classmate\1.5.1\classmate-1.5.1.jar;D:\Environment\apache-maven-3.6.3\maven_repo\org\springframework\spring-web\5.2.2.RELEASE\spring-web-5.2.2.RELEASE.jar;D:\Environment\apache-maven-3.6.3\maven_repo\org\springframework\spring-beans\5.2.2.RELEASE\spring-beans-5.2.2.RELEASE.jar;D:\Environment\apache-maven-3.6.3\maven_repo\org\springframework\spring-webmvc\5.2.2.RELEASE\spring-webmvc-5.2.2.RELEASE.jar;D:\Environment\apache-maven-3.6.3\maven_repo\org\springframework\spring-aop\5.2.2.RELEASE\spring-aop-5.2.2.RELEASE.jar;D:\Environment\apache-maven-3.6.3\maven_repo\org\springframework\spring-context\5.2.2.RELEASE\spring-context-5.2.2.RELEASE.jar;D:\Environment\apache-maven-3.6.3\maven_repo\org\springframework\spring-expression\5.2.2.RELEASE\spring-expression-5.2.2.RELEASE.jar;D:\Environment\apache-maven-3.6.3\maven_repo\org\springframework\boot\spring-boot-starter-websocket\2.2.2.RELEASE\spring-boot-starter-websocket-2.2.2.RELEASE.jar;D:\Environment\apache-maven-3.6.3\maven_repo\org\springframework\spring-messaging\5.2.2.RELEASE\spring-messaging-5.2.2.RELEASE.jar;D:\Environment\apache-maven-3.6.3\maven_repo\org\springframework\spring-websocket\5.2.2.RELEASE\spring-websocket-5.2.2.RELEASE.jar;D:\Environment\apache-maven-3.6.3\maven_repo\org\springframework\boot\spring-boot-starter-test\2.2.2.RELEASE\spring-boot-starter-test-2.2.2.RELEASE.jar;D:\Environment\apache-maven-3.6.3\maven_repo\org\springframework\boot\spring-boot-test\2.2.2.RELEASE\spring-boot-test-2.2.2.RELEASE.jar;D:\Environment\apache-maven-3.6.3\maven_repo\org\springframework\boot\spring-boot-test-autoconfigure\2.2.2.RELEASE\spring-boot-test-autoconfigure-2.2.2.RELEASE.jar;D:\Environment\apache-maven-3.6.3\maven_repo\com\jayway\jsonpath\json-path\2.4.0\json-path-2.4.0.jar;D:\Environment\apache-maven-3.6.3\maven_repo\net\minidev\json-smart\2.3\json-smart-2.3.jar;D:\Environment\apache-maven-3.6.3\maven_repo\net\minidev\accessors-smart\1.2\accessors-smart-1.2.jar;D:\Environment\apache-maven-3.6.3\maven_repo\org\ow2\asm\asm\5.0.4\asm-5.0.4.jar;D:\Environment\apache-maven-3.6.3\maven_repo\org\slf4j\slf4j-api\1.7.29\slf4j-api-1.7.29.jar;D:\Environment\apache-maven-3.6.3\maven_repo\jakarta\xml\bind\jakarta.xml.bind-api\2.3.2\jakarta.xml.bind-api-2.3.2.jar;D:\Environment\apache-maven-3.6.3\maven_repo\jakarta\activation\jakarta.activation-api\1.2.1\jakarta.activation-api-1.2.1.jar;D:\Environment\apache-maven-3.6.3\maven_repo\org\junit\jupiter\junit-jupiter\5.5.2\junit-jupiter-5.5.2.jar;D:\Environment\apache-maven-3.6.3\maven_repo\org\junit\jupiter\junit-jupiter-api\5.5.2\junit-jupiter-api-5.5.2.jar;D:\Environment\apache-maven-3.6.3\maven_repo\org\opentest4j\opentest4j\1.2.0\opentest4j-1.2.0.jar;D:\Environment\apache-maven-3.6.3\maven_repo\org\junit\platform\junit-platform-commons\1.5.2\junit-platform-commons-1.5.2.jar;D:\Environment\apache-maven-3.6.3\maven_repo\org\junit\jupiter\junit-jupiter-params\5.5.2\junit-jupiter-params-5.5.2.jar;D:\Environment\apache-maven-3.6.3\maven_repo\org\junit\jupiter\junit-jupiter-engine\5.5.2\junit-jupiter-engine-5.5.2.jar;D:\Environment\apache-maven-3.6.3\maven_repo\org\junit\vintage\junit-vintage-engine\5.5.2\junit-vintage-engine-5.5.2.jar;D:\Environment\apache-maven-3.6.3\maven_repo\org\apiguardian\apiguardian-api\1.1.0\apiguardian-api-1.1.0.jar;D:\Environment\apache-maven-3.6.3\maven_repo\org\junit\platform\junit-platform-engine\1.5.2\junit-platform-engine-1.5.2.jar;D:\Environment\apache-maven-3.6.3\maven_repo\junit\junit\4.12\junit-4.12.jar;D:\Environment\apache-maven-3.6.3\maven_repo\org\mockito\mockito-junit-jupiter\3.1.0\mockito-junit-jupiter-3.1.0.jar;D:\Environment\apache-maven-3.6.3\maven_repo\org\assertj\assertj-core\3.13.2\assertj-core-3.13.2.jar;D:\Environment\apache-maven-3.6.3\maven_repo\org\hamcrest\hamcrest\2.1\hamcrest-2.1.jar;D:\Environment\apache-maven-3.6.3\maven_repo\org\mockito\mockito-core\3.1.0\mockito-core-3.1.0.jar;D:\Environment\apache-maven-3.6.3\maven_repo\net\bytebuddy\byte-buddy\1.10.4\byte-buddy-1.10.4.jar;D:\Environment\apache-maven-3.6.3\maven_repo\net\bytebuddy\byte-buddy-agent\1.10.4\byte-buddy-agent-1.10.4.jar;D:\Environment\apache-maven-3.6.3\maven_repo\org\objenesis\objenesis\2.6\objenesis-2.6.jar;D:\Environment\apache-maven-3.6.3\maven_repo\org\skyscreamer\jsonassert\1.5.0\jsonassert-1.5.0.jar;D:\Environment\apache-maven-3.6.3\maven_repo\com\vaadin\external\google\android-json\0.0.20131108.vaadin1\android-json-0.0.20131108.vaadin1.jar;D:\Environment\apache-maven-3.6.3\maven_repo\org\springframework\spring-core\5.2.2.RELEASE\spring-core-5.2.2.RELEASE.jar;D:\Environment\apache-maven-3.6.3\maven_repo\org\springframework\spring-jcl\5.2.2.RELEASE\spring-jcl-5.2.2.RELEASE.jar;D:\Environment\apache-maven-3.6.3\maven_repo\org\springframework\spring-test\5.2.2.RELEASE\spring-test-5.2.2.RELEASE.jar;D:\Environment\apache-maven-3.6.3\maven_repo\org\xmlunit\xmlunit-core\2.6.3\xmlunit-core-2.6.3.jar;D:\Environment\apache-maven-3.6.3\maven_repo\com\alibaba\fastjson\1.2.31\fastjson-1.2.31.jar;"/>
    <property name="java.vm.vendor" value="JetBrains s.r.o"/>
    <property name="sun.arch.data.model" value="64"/>
    <property name="user.variant" value=""/>
    <property name="java.vendor.url" value="https://www.jetbrains.com/"/>
    <property name="user.timezone" value="Asia/Shanghai"/>
    <property name="java.vm.specification.version" value="11"/>
    <property name="os.name" value="Windows 10"/>
    <property name="sun.java.launcher" value="SUN_STANDARD"/>
    <property name="user.country" value="CN"/>
    <property name="sun.boot.library.path" value="D:\Environment\IntelliJ IDEA 2019.3.3\jbr\bin"/>
    <property name="sun.java.command" value="C:\Users\15005\AppData\Local\Temp\surefire13019195028761461202\surefirebooter3329765756417695776.jar C:\Users\15005\AppData\Local\Temp\surefire13019195028761461202 2020-08-12T20-07-31_745-jvmRun1 surefire8900378201651986568tmp surefire_0766548488272602058tmp"/>
    <property name="jdk.debug" value="release"/>
    <property name="surefire.test.class.path" value="D:\文件\38运\yunStompVue20_8_10\target\test-classes;D:\文件\38运\yunStompVue20_8_10\target\classes;D:\Environment\apache-maven-3.6.3\maven_repo\io\projectreactor\reactor-core\3.2.9.RELEASE\reactor-core-3.2.9.RELEASE.jar;D:\Environment\apache-maven-3.6.3\maven_repo\org\reactivestreams\reactive-streams\1.0.3\reactive-streams-1.0.3.jar;D:\Environment\apache-maven-3.6.3\maven_repo\io\netty\netty-all\4.1.42.Final\netty-all-4.1.42.Final.jar;D:\Environment\apache-maven-3.6.3\maven_repo\io\projectreactor\netty\reactor-netty\0.8.11.RELEASE\reactor-netty-0.8.11.RELEASE.jar;D:\Environment\apache-maven-3.6.3\maven_repo\io\netty\netty-codec-http\4.1.43.Final\netty-codec-http-4.1.43.Final.jar;D:\Environment\apache-maven-3.6.3\maven_repo\io\netty\netty-common\4.1.43.Final\netty-common-4.1.43.Final.jar;D:\Environment\apache-maven-3.6.3\maven_repo\io\netty\netty-buffer\4.1.43.Final\netty-buffer-4.1.43.Final.jar;D:\Environment\apache-maven-3.6.3\maven_repo\io\netty\netty-transport\4.1.43.Final\netty-transport-4.1.43.Final.jar;D:\Environment\apache-maven-3.6.3\maven_repo\io\netty\netty-resolver\4.1.43.Final\netty-resolver-4.1.43.Final.jar;D:\Environment\apache-maven-3.6.3\maven_repo\io\netty\netty-codec\4.1.43.Final\netty-codec-4.1.43.Final.jar;D:\Environment\apache-maven-3.6.3\maven_repo\io\netty\netty-codec-http2\4.1.43.Final\netty-codec-http2-4.1.43.Final.jar;D:\Environment\apache-maven-3.6.3\maven_repo\io\netty\netty-handler\4.1.43.Final\netty-handler-4.1.43.Final.jar;D:\Environment\apache-maven-3.6.3\maven_repo\io\netty\netty-handler-proxy\4.1.43.Final\netty-handler-proxy-4.1.43.Final.jar;D:\Environment\apache-maven-3.6.3\maven_repo\io\netty\netty-codec-socks\4.1.43.Final\netty-codec-socks-4.1.43.Final.jar;D:\Environment\apache-maven-3.6.3\maven_repo\io\netty\netty-transport-native-epoll\4.1.43.Final\netty-transport-native-epoll-4.1.43.Final-linux-x86_64.jar;D:\Environment\apache-maven-3.6.3\maven_repo\io\netty\netty-transport-native-unix-common\4.1.43.Final\netty-transport-native-unix-common-4.1.43.Final.jar;D:\Environment\apache-maven-3.6.3\maven_repo\org\springframework\boot\spring-boot-starter-web\2.2.2.RELEASE\spring-boot-starter-web-2.2.2.RELEASE.jar;D:\Environment\apache-maven-3.6.3\maven_repo\org\springframework\boot\spring-boot-starter\2.2.2.RELEASE\spring-boot-starter-2.2.2.RELEASE.jar;D:\Environment\apache-maven-3.6.3\maven_repo\org\springframework\boot\spring-boot\2.2.2.RELEASE\spring-boot-2.2.2.RELEASE.jar;D:\Environment\apache-maven-3.6.3\maven_repo\org\springframework\boot\spring-boot-autoconfigure\2.2.2.RELEASE\spring-boot-autoconfigure-2.2.2.RELEASE.jar;D:\Environment\apache-maven-3.6.3\maven_repo\org\springframework\boot\spring-boot-starter-logging\2.2.2.RELEASE\spring-boot-starter-logging-2.2.2.RELEASE.jar;D:\Environment\apache-maven-3.6.3\maven_repo\ch\qos\logback\logback-classic\1.2.3\logback-classic-1.2.3.jar;D:\Environment\apache-maven-3.6.3\maven_repo\ch\qos\logback\logback-core\1.2.3\logback-core-1.2.3.jar;D:\Environment\apache-maven-3.6.3\maven_repo\org\apache\logging\log4j\log4j-to-slf4j\2.12.1\log4j-to-slf4j-2.12.1.jar;D:\Environment\apache-maven-3.6.3\maven_repo\org\apache\logging\log4j\log4j-api\2.12.1\log4j-api-2.12.1.jar;D:\Environment\apache-maven-3.6.3\maven_repo\org\slf4j\jul-to-slf4j\1.7.29\jul-to-slf4j-1.7.29.jar;D:\Environment\apache-maven-3.6.3\maven_repo\jakarta\annotation\jakarta.annotation-api\1.3.5\jakarta.annotation-api-1.3.5.jar;D:\Environment\apache-maven-3.6.3\maven_repo\org\yaml\snakeyaml\1.25\snakeyaml-1.25.jar;D:\Environment\apache-maven-3.6.3\maven_repo\org\springframework\boot\spring-boot-starter-json\2.2.2.RELEASE\spring-boot-starter-json-2.2.2.RELEASE.jar;D:\Environment\apache-maven-3.6.3\maven_repo\com\fasterxml\jackson\core\jackson-databind\2.10.1\jackson-databind-2.10.1.jar;D:\Environment\apache-maven-3.6.3\maven_repo\com\fasterxml\jackson\core\jackson-annotations\2.10.1\jackson-annotations-2.10.1.jar;D:\Environment\apache-maven-3.6.3\maven_repo\com\fasterxml\jackson\core\jackson-core\2.10.1\jackson-core-2.10.1.jar;D:\Environment\apache-maven-3.6.3\maven_repo\com\fasterxml\jackson\datatype\jackson-datatype-jdk8\2.10.1\jackson-datatype-jdk8-2.10.1.jar;D:\Environment\apache-maven-3.6.3\maven_repo\com\fasterxml\jackson\datatype\jackson-datatype-jsr310\2.10.1\jackson-datatype-jsr310-2.10.1.jar;D:\Environment\apache-maven-3.6.3\maven_repo\com\fasterxml\jackson\module\jackson-module-parameter-names\2.10.1\jackson-module-parameter-names-2.10.1.jar;D:\Environment\apache-maven-3.6.3\maven_repo\org\springframework\boot\spring-boot-starter-tomcat\2.2.2.RELEASE\spring-boot-starter-tomcat-2.2.2.RELEASE.jar;D:\Environment\apache-maven-3.6.3\maven_repo\org\apache\tomcat\embed\tomcat-embed-core\9.0.29\tomcat-embed-core-9.0.29.jar;D:\Environment\apache-maven-3.6.3\maven_repo\org\apache\tomcat\embed\tomcat-embed-el\9.0.29\tomcat-embed-el-9.0.29.jar;D:\Environment\apache-maven-3.6.3\maven_repo\org\apache\tomcat\embed\tomcat-embed-websocket\9.0.29\tomcat-embed-websocket-9.0.29.jar;D:\Environment\apache-maven-3.6.3\maven_repo\org\springframework\boot\spring-boot-starter-validation\2.2.2.RELEASE\spring-boot-starter-validation-2.2.2.RELEASE.jar;D:\Environment\apache-maven-3.6.3\maven_repo\jakarta\validation\jakarta.validation-api\2.0.1\jakarta.validation-api-2.0.1.jar;D:\Environment\apache-maven-3.6.3\maven_repo\org\hibernate\validator\hibernate-validator\6.0.18.Final\hibernate-validator-6.0.18.Final.jar;D:\Environment\apache-maven-3.6.3\maven_repo\org\jboss\logging\jboss-logging\3.4.1.Final\jboss-logging-3.4.1.Final.jar;D:\Environment\apache-maven-3.6.3\maven_repo\com\fasterxml\classmate\1.5.1\classmate-1.5.1.jar;D:\Environment\apache-maven-3.6.3\maven_repo\org\springframework\spring-web\5.2.2.RELEASE\spring-web-5.2.2.RELEASE.jar;D:\Environment\apache-maven-3.6.3\maven_repo\org\springframework\spring-beans\5.2.2.RELEASE\spring-beans-5.2.2.RELEASE.jar;D:\Environment\apache-maven-3.6.3\maven_repo\org\springframework\spring-webmvc\5.2.2.RELEASE\spring-webmvc-5.2.2.RELEASE.jar;D:\Environment\apache-maven-3.6.3\maven_repo\org\springframework\spring-aop\5.2.2.RELEASE\spring-aop-5.2.2.RELEASE.jar;D:\Environment\apache-maven-3.6.3\maven_repo\org\springframework\spring-context\5.2.2.RELEASE\spring-context-5.2.2.RELEASE.jar;D:\Environment\apache-maven-3.6.3\maven_repo\org\springframework\spring-expression\5.2.2.RELEASE\spring-expression-5.2.2.RELEASE.jar;D:\Environment\apache-maven-3.6.3\maven_repo\org\springframework\boot\spring-boot-starter-websocket\2.2.2.RELEASE\spring-boot-starter-websocket-2.2.2.RELEASE.jar;D:\Environment\apache-maven-3.6.3\maven_repo\org\springframework\spring-messaging\5.2.2.RELEASE\spring-messaging-5.2.2.RELEASE.jar;D:\Environment\apache-maven-3.6.3\maven_repo\org\springframework\spring-websocket\5.2.2.RELEASE\spring-websocket-5.2.2.RELEASE.jar;D:\Environment\apache-maven-3.6.3\maven_repo\org\springframework\boot\spring-boot-starter-test\2.2.2.RELEASE\spring-boot-starter-test-2.2.2.RELEASE.jar;D:\Environment\apache-maven-3.6.3\maven_repo\org\springframework\boot\spring-boot-test\2.2.2.RELEASE\spring-boot-test-2.2.2.RELEASE.jar;D:\Environment\apache-maven-3.6.3\maven_repo\org\springframework\boot\spring-boot-test-autoconfigure\2.2.2.RELEASE\spring-boot-test-autoconfigure-2.2.2.RELEASE.jar;D:\Environment\apache-maven-3.6.3\maven_repo\com\jayway\jsonpath\json-path\2.4.0\json-path-2.4.0.jar;D:\Environment\apache-maven-3.6.3\maven_repo\net\minidev\json-smart\2.3\json-smart-2.3.jar;D:\Environment\apache-maven-3.6.3\maven_repo\net\minidev\accessors-smart\1.2\accessors-smart-1.2.jar;D:\Environment\apache-maven-3.6.3\maven_repo\org\ow2\asm\asm\5.0.4\asm-5.0.4.jar;D:\Environment\apache-maven-3.6.3\maven_repo\org\slf4j\slf4j-api\1.7.29\slf4j-api-1.7.29.jar;D:\Environment\apache-maven-3.6.3\maven_repo\jakarta\xml\bind\jakarta.xml.bind-api\2.3.2\jakarta.xml.bind-api-2.3.2.jar;D:\Environment\apache-maven-3.6.3\maven_repo\jakarta\activation\jakarta.activation-api\1.2.1\jakarta.activation-api-1.2.1.jar;D:\Environment\apache-maven-3.6.3\maven_repo\org\junit\jupiter\junit-jupiter\5.5.2\junit-jupiter-5.5.2.jar;D:\Environment\apache-maven-3.6.3\maven_repo\org\junit\jupiter\junit-jupiter-api\5.5.2\junit-jupiter-api-5.5.2.jar;D:\Environment\apache-maven-3.6.3\maven_repo\org\opentest4j\opentest4j\1.2.0\opentest4j-1.2.0.jar;D:\Environment\apache-maven-3.6.3\maven_repo\org\junit\platform\junit-platform-commons\1.5.2\junit-platform-commons-1.5.2.jar;D:\Environment\apache-maven-3.6.3\maven_repo\org\junit\jupiter\junit-jupiter-params\5.5.2\junit-jupiter-params-5.5.2.jar;D:\Environment\apache-maven-3.6.3\maven_repo\org\junit\jupiter\junit-jupiter-engine\5.5.2\junit-jupiter-engine-5.5.2.jar;D:\Environment\apache-maven-3.6.3\maven_repo\org\junit\vintage\junit-vintage-engine\5.5.2\junit-vintage-engine-5.5.2.jar;D:\Environment\apache-maven-3.6.3\maven_repo\org\apiguardian\apiguardian-api\1.1.0\apiguardian-api-1.1.0.jar;D:\Environment\apache-maven-3.6.3\maven_repo\org\junit\platform\junit-platform-engine\1.5.2\junit-platform-engine-1.5.2.jar;D:\Environment\apache-maven-3.6.3\maven_repo\junit\junit\4.12\junit-4.12.jar;D:\Environment\apache-maven-3.6.3\maven_repo\org\mockito\mockito-junit-jupiter\3.1.0\mockito-junit-jupiter-3.1.0.jar;D:\Environment\apache-maven-3.6.3\maven_repo\org\assertj\assertj-core\3.13.2\assertj-core-3.13.2.jar;D:\Environment\apache-maven-3.6.3\maven_repo\org\hamcrest\hamcrest\2.1\hamcrest-2.1.jar;D:\Environment\apache-maven-3.6.3\maven_repo\org\mockito\mockito-core\3.1.0\mockito-core-3.1.0.jar;D:\Environment\apache-maven-3.6.3\maven_repo\net\bytebuddy\byte-buddy\1.10.4\byte-buddy-1.10.4.jar;D:\Environment\apache-maven-3.6.3\maven_repo\net\bytebuddy\byte-buddy-agent\1.10.4\byte-buddy-agent-1.10.4.jar;D:\Environment\apache-maven-3.6.3\maven_repo\org\objenesis\objenesis\2.6\objenesis-2.6.jar;D:\Environment\apache-maven-3.6.3\maven_repo\org\skyscreamer\jsonassert\1.5.0\jsonassert-1.5.0.jar;D:\Environment\apache-maven-3.6.3\maven_repo\com\vaadin\external\google\android-json\0.0.20131108.vaadin1\android-json-0.0.20131108.vaadin1.jar;D:\Environment\apache-maven-3.6.3\maven_repo\org\springframework\spring-core\5.2.2.RELEASE\spring-core-5.2.2.RELEASE.jar;D:\Environment\apache-maven-3.6.3\maven_repo\org\springframework\spring-jcl\5.2.2.RELEASE\spring-jcl-5.2.2.RELEASE.jar;D:\Environment\apache-maven-3.6.3\maven_repo\org\springframework\spring-test\5.2.2.RELEASE\spring-test-5.2.2.RELEASE.jar;D:\Environment\apache-maven-3.6.3\maven_repo\org\xmlunit\xmlunit-core\2.6.3\xmlunit-core-2.6.3.jar;D:\Environment\apache-maven-3.6.3\maven_repo\com\alibaba\fastjson\1.2.31\fastjson-1.2.31.jar;"/>
    <property name="sun.cpu.endian" value="little"/>
    <property name="user.home" value="C:\Users\15005"/>
    <property name="user.language" value="zh"/>
    <property name="java.specification.vendor" value="Oracle Corporation"/>
    <property name="java.version.date" value="2019-10-15"/>
    <property name="java.home" value="D:\Environment\IntelliJ IDEA 2019.3.3\jbr"/>
    <property name="file.separator" value="\"/>
    <property name="basedir" value="D:\文件\38运\yunStompVue20_8_10"/>
    <property name="java.vm.compressedOopsMode" value="Zero based"/>
    <property name="line.separator" value="&#10;"/>
    <property name="java.specification.name" value="Java Platform API Specification"/>
    <property name="java.vm.specification.vendor" value="Oracle Corporation"/>
    <property name="java.awt.graphicsenv" value="sun.awt.Win32GraphicsEnvironment"/>
    <property name="surefire.real.class.path" value="C:\Users\15005\AppData\Local\Temp\surefire13019195028761461202\surefirebooter3329765756417695776.jar"/>
    <property name="user.script" value=""/>
    <property name="sun.management.compiler" value="HotSpot 64-Bit Tiered Compilers"/>
    <property name="java.runtime.version" value="11.0.5+10-b520.38"/>
    <property name="user.name" value="15005"/>
    <property name="path.separator" value=";"/>
    <property name="os.version" value="10.0"/>
    <property name="java.runtime.name" value="OpenJDK Runtime Environment"/>
    <property name="file.encoding" value="GBK"/>
    <property name="java.vm.name" value="OpenJDK 64-Bit Server VM"/>
    <property name="localRepository" value="D:\Environment\apache-maven-3.6.3\maven_repo"/>
    <property name="java.vendor.url.bug" value="https://youtrack.jetbrains.com"/>
    <property name="java.io.tmpdir" value="C:\Users\15005\AppData\Local\Temp\"/>
    <property name="java.version" value="11.0.5"/>
    <property name="user.dir" value="D:\文件\38运\yunStompVue20_8_10"/>
    <property name="os.arch" value="amd64"/>
    <property name="java.vm.specification.name" value="Java Virtual Machine Specification"/>
    <property name="java.awt.printerjob" value="sun.awt.windows.WPrinterJob"/>
    <property name="sun.os.patch.level" value=""/>
    <property name="idea.version2019.3.3" value="true"/>
    <property name="java.library.path" value="D:\Environment\IntelliJ IDEA 2019.3.3\jbr\bin;C:\Windows\Sun\Java\bin;C:\Windows\system32;C:\Windows;D:\APP\Xshell6\Xftp 6\;D:\APP\Xshell6\Xlpd 6\;D:\APP\Xshell6\Xshell 6\;D:\APP\Xshell6\Xmanager 6\;C:\Program Files (x86)\Common Files\Oracle\Java\javapath;C:\Windows\system32;C:\Windows;C:\Windows\System32\Wbem;C:\Windows\System32\WindowsPowerShell\v1.0\;C:\Windows\System32\OpenSSH\;C:\Program Files (x86)\NVIDIA Corporation\PhysX\Common;C:\Program Files\NVIDIA Corporation\NVIDIA NvDLISR;D:\Environment\Java\jdk1.8.0_251\bin;D:\Environment\MySQL\MySQL Server 8.0\bin;D:\Environment\Java\jdk1.8.0_251\jre\bin;D:\Environment\apache-tomcat-9.0.37\bin;D:\Environment\apache-maven-3.6.3\bin;D:\Environment\nodejs\;D:\Environment\Git\cmd;D:\Environment\apache-tomcat-9.0.37\bin;D:\Environment\erl-23.0\bin;D:\Environment\RabbitMQ\rabbitmq_server-3.8.6\sbin;D:\Environment\Ruby26-x64\bin;C:\Users\15005\AppData\Local\Microsoft\WindowsApps;;D:\Environment\IntelliJ IDEA 2019.3.3\bin;;C:\Users\15005\AppData\Roaming\npm;D:\Environment\Microsoft VS Code\bin;."/>
    <property name="java.vendor" value="JetBrains s.r.o"/>
    <property name="java.vm.info" value="mixed mode, sharing"/>
    <property name="java.vm.version" value="11.0.5+10-b520.38"/>
    <property name="sun.io.unicode.encoding" value="UnicodeLittle"/>
    <property name="maven.repo.local" value="D:\Environment\apache-maven-3.6.3\maven_repo"/>
    <property name="java.class.version" value="55.0"/>
  </properties>
  <testcase name="contextLoads" classname="fastwave.cloud.stomp.WebSocketApplicationTests" time="0.407"/>
</testsuite>